alien
chrome-gnome-shell
coolkey
curl
dconf-editor
default-jdk
default-jre
g++
gcc
gfortran
git
gnome-shell-extension-dash-to-panel
htop
ipython3
libnetcdf*
libnetcdff*
libappindicator1
libindicator7
libxss1
ncview
net-tools
netcdf-bin
netcdf-doc
network-manager-openconnect
network-manager-openconnect-gnome
nmap
open-vm-tools
open-vm-tools-desktop
openconnect
opensc
openssh-server
pcscd
pcsc-tools
p7zip-full
python3-pip
python3-cartopy
python3-dev
python3-grib
python3-matplotlib
python3-mpltoolkits.basemap
python3-netcdf4
python3-numpy
python3-pandas
python3-scipy
python3-xarray
python3-yaml
qrencode
screenfetch
secure-delete
stoken
subversion
vim
vpnc
xclip
